2024-07-24 07:07:34,655 - root - INFO - New Request GET, validating information dell
2024-07-24 07:07:35,528 - root - INFO - Trying extraction via MarketWatch
2024-07-24 07:07:39,550 - root - INFO - Trying extraction via MARKETBEAT
2024-07-24 07:07:47,765 - root - INFO - Data returned successfully
2024-07-24 07:08:02,110 - root - INFO - New Request GET, validating information uber
2024-07-24 07:08:03,104 - root - INFO - Trying extraction via MarketWatch
2024-07-24 07:08:05,518 - root - INFO - Data returned successfully
2024-07-24 07:08:22,839 - root - INFO - New Request GET, validating information ddd
2024-07-24 07:08:23,524 - root - INFO - Trying extraction via MarketWatch
2024-07-24 07:08:25,827 - root - INFO - Data returned successfully
2024-07-24 07:08:38,612 - root - INFO - New Request POST, validating information
2024-07-24 07:08:38,613 - root - INFO - New Request GET, validating information UBER
2024-07-24 07:08:39,374 - root - INFO - Trying extraction via MarketWatch
2024-07-24 07:08:40,962 - root - INFO - Data returned successfully
2024-07-24 07:08:41,099 - root - INFO - Data stored successfully
2024-07-24 07:09:04,092 - root - INFO - New Request POST, validating information
2024-07-24 07:09:04,093 - root - INFO - New Request GET, validating information UBER
2024-07-24 07:09:04,624 - root - INFO - Trying extraction via MarketWatch
2024-07-24 07:09:06,713 - root - INFO - Data returned successfully
2024-07-24 07:09:06,779 - root - INFO - Data stored successfully
2024-07-24 12:18:14,274 - root - INFO - New Request GET, validating information ddd
2024-07-24 12:18:16,881 - root - INFO - Trying extraction via MarketWatch
2024-07-24 12:18:19,127 - root - INFO - Data returned successfully
2024-07-24 12:18:34,775 - root - INFO - New Request GET, validating information meta
2024-07-24 12:18:35,422 - root - INFO - Trying extraction via MarketWatch
2024-07-24 12:18:36,614 - root - INFO - Data returned successfully
2024-07-24 12:18:44,483 - root - INFO - New Request GET, validating information uber
2024-07-24 12:18:45,129 - root - INFO - Trying extraction via MarketWatch
2024-07-24 12:18:45,928 - root - INFO - Data returned successfully
2024-07-24 12:18:51,774 - root - INFO - New Request GET, validating information snap
2024-07-24 12:18:52,423 - root - INFO - Trying extraction via MarketWatch
2024-07-24 12:18:53,861 - root - INFO - Data returned successfully
2024-07-24 12:19:11,628 - root - INFO - New Request POST, validating information
2024-07-24 12:19:11,632 - root - INFO - New Request GET, validating information UBER
2024-07-24 12:19:12,289 - root - INFO - Trying extraction via MarketWatch
2024-07-24 12:19:15,098 - root - INFO - Data returned successfully
2024-07-24 12:19:15,386 - root - INFO - Data stored successfully
2024-07-24 12:19:27,675 - root - INFO - New Request GET, validating information uber
2024-07-24 12:19:28,620 - root - INFO - Trying extraction via MarketWatch
2024-07-24 12:19:29,317 - root - INFO - Data returned successfully
2024-07-24 12:32:15,803 - root - INFO - New Request GET, validating information uber
2024-07-24 12:32:17,970 - root - INFO - Trying extraction via MarketWatch
2024-07-24 12:32:18,866 - root - INFO - Data returned successfully
2024-07-24 12:33:39,543 - root - INFO - New Request GET, validating information uber
2024-07-24 12:33:40,225 - root - INFO - Trying extraction via MarketWatch
2024-07-24 12:33:41,006 - root - INFO - Data returned successfully
2024-07-24 12:33:49,374 - root - INFO - New Request POST, validating information
2024-07-24 12:33:49,374 - root - INFO - New Request GET, validating information UBER
2024-07-24 12:33:50,261 - root - INFO - Trying extraction via MarketWatch
2024-07-24 12:33:52,386 - root - INFO - Data returned successfully
2024-07-24 12:33:54,199 - root - INFO - New Request GET, validating information uber
2024-07-24 12:33:55,129 - root - INFO - Data stored successfully
2024-07-24 12:33:55,663 - root - INFO - Trying extraction via MarketWatch
2024-07-24 12:33:59,791 - root - INFO - Data returned successfully
2024-07-24 12:40:36,898 - root - INFO - New Request GET, validating information on
2024-07-24 12:40:38,238 - root - INFO - Trying extraction via MarketWatch
2024-07-24 12:40:39,587 - root - INFO - Data returned successfully
2024-07-24 12:40:53,610 - root - INFO - New Request GET, validating information snap
2024-07-24 12:40:54,219 - root - INFO - Trying extraction via MarketWatch
2024-07-24 12:40:54,755 - root - INFO - Data returned successfully
